<?xml version="1.0" encoding="UTF-8"?>
<!-- Generated by org.testng.reporters.JUnitReportReporter -->
<testsuite hostname="K473LTRV" failures="0" tests="3" name="com.ust.apiDemosQA.SetDefaultValueTest" time="6.639" errors="0" timestamp="2024-05-22T10:55:12 IST" skipped="0">
  <testcase classname="com.ust.apiDemosQA.SetDefaultValueTest" name="clickPrefernce" time="1.771"/>
  <testcase classname="com.ust.apiDemosQA.SetDefaultValueTest" name="clickDefaultVales" time="1.037"/>
  <testcase classname="com.ust.apiDemosQA.SetDefaultValueTest" name="setTextAsDefaultValue" time="3.831"/>
</testsuite> <!-- com.ust.apiDemosQA.SetDefaultValueTest -->
