<?xml version="1.0" encoding="UTF-8"?>
<!-- Generated by org.testng.reporters.JUnitReportReporter -->
<testsuite hostname="K473LTRV" failures="0" tests="1" name="com.ust.apiDemosQA.SwipeImagesTest" time="12.677" errors="0" timestamp="2024-06-09T00:48:46 IST" skipped="0">
  <testcase classname="com.ust.apiDemosQA.SwipeImagesTest" name="gotoPhotos" time="12.677"/>
</testsuite> <!-- com.ust.apiDemosQA.SwipeImagesTest -->
