<?xml version="1.0" encoding="UTF-8"?>
<!-- Generated by org.testng.reporters.JUnitReportReporter -->
<testsuite hostname="K473LTRV" failures="0" tests="1" name="com.ust.apiDemosQA.ScrollUptoAnElementTest" time="14.862" errors="0" timestamp="2024-06-08T22:26:37 IST" skipped="0">
  <testcase classname="com.ust.apiDemosQA.ScrollUptoAnElementTest" name="scrollUptoAnElement" time="14.862"/>
</testsuite> <!-- com.ust.apiDemosQA.ScrollUptoAnElementTest -->
