<?xml version="1.0" encoding="UTF-8"?>
<!-- Generated by org.testng.reporters.JUnitReportReporter -->
<testsuite hostname="K473LTRV" failures="0" tests="1" name="com.ust.apiDemosQA.HomeScreenTest" time="2.117" errors="0" timestamp="2024-05-20T13:00:51 IST" skipped="0">
  <testcase classname="com.ust.apiDemosQA.HomeScreenTest" name="appStart" time="2.117"/>
</testsuite> <!-- com.ust.apiDemosQA.HomeScreenTest -->
