<?xml version="1.0" encoding="UTF-8"?>
<!-- Generated by org.testng.reporters.JUnitReportReporter -->
<testsuite hostname="K473LTRV" failures="0" tests="1" name="com.ust.apiDemosQA.LongPressTest" time="7.573" errors="0" timestamp="2024-06-14T00:55:33 IST" skipped="0">
  <testcase classname="com.ust.apiDemosQA.LongPressTest" name="longPressTest" time="7.573"/>
</testsuite> <!-- com.ust.apiDemosQA.LongPressTest -->
