<?xml version="1.0" encoding="UTF-8"?>
<!-- Generated by org.testng.reporters.JUnitReportReporter -->
<testsuite hostname="K473LTRV" failures="0" tests="1" name="com.ust.apiDemosQA.DragAndDropDemoTest" time="4.162" errors="0" timestamp="2024-05-21T17:09:07 IST" skipped="0">
  <testcase classname="com.ust.apiDemosQA.DragAndDropDemoTest" name="dragAndDrop" time="4.162"/>
</testsuite> <!-- com.ust.apiDemosQA.DragAndDropDemoTest -->
