<?xml version="1.0" encoding="UTF-8"?>
<!-- Generated by org.testng.reporters.JUnitReportReporter -->
<testsuite hostname="K473LTRV" failures="0" tests="1" name="com.ust.apiDemosQA.ScrollUptoTest" time="8.042" errors="0" timestamp="2024-05-22T12:29:07 IST" skipped="0">
  <testcase classname="com.ust.apiDemosQA.ScrollUptoTest" name="scrollUptoTest" time="8.042"/>
</testsuite> <!-- com.ust.apiDemosQA.ScrollUptoTest -->
